<?xml version="1.0" encoding="UTF-8"?>
<testsuite xmlns:xsi="http://www.w3.org/2001/XMLSchema-instance" xsi:noNamespaceSchemaLocation="https://maven.apache.org/surefire/maven-surefire-plugin/xsd/surefire-test-report.xsd" name="com.heytrade.pokedex.controller.PokemonControllerTest" time="0.299" tests="6" errors="0" skipped="0" failures="0">
  <properties>
[...]
</properties>
  <testcase name="updatePokemon" classname="com.heytrade.pokedex.controller.PokemonControllerTest" time="0.051"/>
  <testcase name="getAll" classname="com.heytrade.pokedex.controller.PokemonControllerTest" time="0.014"/>
  <testcase name="getById" classname="com.heytrade.pokedex.controller.PokemonControllerTest" time="0.017"/>
  <testcase name="savePokemon" classname="com.heytrade.pokedex.controller.PokemonControllerTest" time="0.032"/>
  <testcase name="savePokemons" classname="com.heytrade.pokedex.controller.PokemonControllerTest" time="0.126"/>
  <testcase name="deletePokemonById" classname="com.heytrade.pokedex.controller.PokemonControllerTest" time="0.029"/>
</testsuite>